Arguments: 
  /home/ewers/.nvm/versions/node/v10.9.0/bin/node /usr/share/yarn/bin/yarn.js add uWebSockets.js

PATH: 
  /home/ewers/.nvm/versions/node/v10.9.0/bin:/usr/local/sbin:/usr/local/bin:/usr/sbin:/usr/bin:/sbin:/bin:/usr/games:/usr/local/games:/snap/bin

Yarn version: 
  1.12.3

Node version: 
  10.9.0

Platform: 
  linux x64

Trace: 
  Error: https://registry.yarnpkg.com/uWebSockets.js: Not found
      at Request.params.callback [as _callback] (/usr/share/yarn/lib/cli.js:65894:18)
      at Request.self.callback (/usr/share/yarn/lib/cli.js:129018:22)
      at Request.emit (events.js:182:13)
      at Request.<anonymous> (/usr/share/yarn/lib/cli.js:129990:10)
      at Request.emit (events.js:182:13)
      at IncomingMessage.<anonymous> (/usr/share/yarn/lib/cli.js:129912:12)
      at Object.onceWrapper (events.js:273:13)
      at IncomingMessage.emit (events.js:187:15)
      at endReadableNT (_stream_readable.js:1085:12)
      at process._tickCallback (internal/process/next_tick.js:63:19)

npm manifest: 
  {
    "name": "node-env",
    "version": "1.0.0",
    "description": "",
    "main": "server.js",
    "scripts": {
      "test": "echo \"Error: no test specified\" && exit 1",
      "start": "node server.js"
    },
    "author": "",
    "license": "ISC",
    "dependencies": {
      "minimist": "^1.2.0",
      "ts-nats": "^1.1.2"
    }
  }

yarn manifest: 
  No manifest

Lockfile: 
  # THIS IS AN AUTOGENERATED FILE. DO NOT EDIT THIS FILE DIRECTLY.
  # yarn lockfile v1
  
  
  minimist@^1.2.0:
    version "1.2.0"
    resolved "https://registry.yarnpkg.com/minimist/-/minimist-1.2.0.tgz#a35008b20f41383eec1fb914f4cd5df79a264284"
    integrity sha1-o1AIsg9BOD7sH7kU9M1d95omQoQ=
  
  nuid@^1.0.0:
    version "1.0.0"
    resolved "https://registry.yarnpkg.com/nuid/-/nuid-1.0.0.tgz#04ecc21be41cc321940a9089984382f3bdc61638"
    integrity sha512-046ukkoG8NXjiJMpQYLpGhYJIXJlClt2rDlnubCXN1/pztO/YTD2WkhyBZsEADsUwVtVMv5UmC0B2QrT5sZiDQ==
  
  ts-nats@^1.1.2:
    version "1.1.2"
    resolved "https://registry.yarnpkg.com/ts-nats/-/ts-nats-1.1.2.tgz#df4edbd9bdb28da216eea88ebf6cbd6ac79e41f7"
    integrity sha512-yNWPdwSbjrroo4QSA/PqhgL1kydCE/JRyZ29tJk4jVK67orTNEQpfjZnbr+KdiffMYAcaYV7hFgTTQZeGYqDrA==
    dependencies:
      nuid "^1.0.0"
      ts-nkeys "^1.0.10"
  
  ts-nkeys@^1.0.10:
    version "1.0.10"
    resolved "https://registry.yarnpkg.com/ts-nkeys/-/ts-nkeys-1.0.10.tgz#b4f978bdeea981fad6d3bc5183af6e76d6f7aa3c"
    integrity sha512-T5TPWXl8EzCIqnuauGluNNUZPZM1rfRL6oE97xFHPH44TSFDNMHPkaN4/c95MuiV+JeYyrC+edLzpHr+Gc+YEw==
    dependencies:
      tweetnacl "^1.0.0"
  
  tweetnacl@^1.0.0:
    version "1.0.1"
    resolved "https://registry.yarnpkg.com/tweetnacl/-/tweetnacl-1.0.1.tgz#2594d42da73cd036bd0d2a54683dd35a6b55ca17"
    integrity sha512-kcoMoKTPYnoeS50tzoqjPY3Uv9axeuuFAZY9M/9zFnhoVvRfxz9K29IMPD7jGmt2c8SW7i3gT9WqDl2+nV7p4A==
